=== puma startup: 2017-09-10 13:51:30 +0000 ===
/root/.rbenv/versions/2.3.1/lib/ruby/gems/2.3.0/gems/puma-3.10.0/lib/puma/launcher.rb:130:in `initialize': No such file or directory @ rb_sysopen - /root/intrr/shared/pids/puma.pid (Errno::ENOENT)
	from /root/.rbenv/versions/2.3.1/lib/ruby/gems/2.3.0/gems/puma-3.10.0/lib/puma/launcher.rb:130:in `open'
	from /root/.rbenv/versions/2.3.1/lib/ruby/gems/2.3.0/gems/puma-3.10.0/lib/puma/launcher.rb:130:in `write_pid'
	from /root/.rbenv/versions/2.3.1/lib/ruby/gems/2.3.0/gems/puma-3.10.0/lib/puma/launcher.rb:103:in `write_state'
	from /root/.rbenv/versions/2.3.1/lib/ruby/gems/2.3.0/gems/puma-3.10.0/lib/puma/cluster.rb:445:in `run'
	from /root/.rbenv/versions/2.3.1/lib/ruby/gems/2.3.0/gems/puma-3.10.0/lib/puma/launcher.rb:183:in `run'
	from /root/.rbenv/versions/2.3.1/lib/ruby/gems/2.3.0/gems/puma-3.10.0/lib/rack/handler/puma.rb:69:in `run'
	from /root/.rbenv/versions/2.3.1/lib/ruby/gems/2.3.0/gems/rack-2.0.3/lib/rack/server.rb:297:in `start'
	from /root/.rbenv/versions/2.3.1/lib/ruby/gems/2.3.0/gems/railties-5.1.3/lib/rails/commands/server/server_command.rb:44:in `start'
	from /root/.rbenv/versions/2.3.1/lib/ruby/gems/2.3.0/gems/railties-5.1.3/lib/rails/commands/server/server_command.rb:131:in `block in perform'
	from /root/.rbenv/versions/2.3.1/lib/ruby/gems/2.3.0/gems/railties-5.1.3/lib/rails/commands/server/server_command.rb:126:in `tap'
	from /root/.rbenv/versions/2.3.1/lib/ruby/gems/2.3.0/gems/railties-5.1.3/lib/rails/commands/server/server_command.rb:126:in `perform'
	from /root/.rbenv/versions/2.3.1/lib/ruby/gems/2.3.0/gems/thor-0.20.0/lib/thor/command.rb:27:in `run'
	from /root/.rbenv/versions/2.3.1/lib/ruby/gems/2.3.0/gems/thor-0.20.0/lib/thor/invocation.rb:126:in `invoke_command'
	from /root/.rbenv/versions/2.3.1/lib/ruby/gems/2.3.0/gems/thor-0.20.0/lib/thor.rb:387:in `dispatch'
	from /root/.rbenv/versions/2.3.1/lib/ruby/gems/2.3.0/gems/railties-5.1.3/lib/rails/command/base.rb:63:in `perform'
	from /root/.rbenv/versions/2.3.1/lib/ruby/gems/2.3.0/gems/railties-5.1.3/lib/rails/command.rb:44:in `invoke'
	from /root/.rbenv/versions/2.3.1/lib/ruby/gems/2.3.0/gems/railties-5.1.3/lib/rails/commands.rb:16:in `<top (required)>'
	from /root/intrr/bin/rails:9:in `require'
	from /root/intrr/bin/rails:9:in `<top (required)>'
	from /root/.rbenv/versions/2.3.1/lib/ruby/gems/2.3.0/gems/spring-2.0.2/lib/spring/client/rails.rb:28:in `load'
	from /root/.rbenv/versions/2.3.1/lib/ruby/gems/2.3.0/gems/spring-2.0.2/lib/spring/client/rails.rb:28:in `call'
	from /root/.rbenv/versions/2.3.1/lib/ruby/gems/2.3.0/gems/spring-2.0.2/lib/spring/client/command.rb:7:in `call'
	from /root/.rbenv/versions/2.3.1/lib/ruby/gems/2.3.0/gems/spring-2.0.2/lib/spring/client.rb:30:in `run'
	from /root/.rbenv/versions/2.3.1/lib/ruby/gems/2.3.0/gems/spring-2.0.2/bin/spring:49:in `<top (required)>'
	from /root/.rbenv/versions/2.3.1/lib/ruby/gems/2.3.0/gems/spring-2.0.2/lib/spring/binstub.rb:31:in `load'
	from /root/.rbenv/versions/2.3.1/lib/ruby/gems/2.3.0/gems/spring-2.0.2/lib/spring/binstub.rb:31:in `<top (required)>'
	from /root/.rbenv/versions/2.3.1/lib/ruby/2.3.0/rubygems/core_ext/kernel_require.rb:68:in `require'
	from /root/.rbenv/versions/2.3.1/lib/ruby/2.3.0/rubygems/core_ext/kernel_require.rb:68:in `require'
	from /root/intrr/bin/spring:15:in `<top (required)>'
	from bin/rails:3:in `load'
	from bin/rails:3:in `<main>'
=== puma startup: 2017-09-10 13:56:50 +0000 ===
=== puma startup: 2017-09-10 14:03:16 +0000 ===
=== puma startup: 2017-09-10 14:07:02 +0000 ===
=== puma startup: 2017-09-10 14:07:45 +0000 ===
=== puma startup: 2017-09-10 14:09:34 +0000 ===
2017-09-10 14:10:04 +0000: Rack app error handling request { GET / }
#<RuntimeError: Missing `secret_key_base` for 'production' environment, set this value in `config/secrets.yml`>
/root/.rbenv/versions/2.3.1/lib/ruby/gems/2.3.0/gems/railties-5.1.3/lib/rails/application.rb:510:in `validate_secret_key_config!'
/root/.rbenv/versions/2.3.1/lib/ruby/gems/2.3.0/gems/railties-5.1.3/lib/rails/application.rb:247:in `env_config'
/root/.rbenv/versions/2.3.1/lib/ruby/gems/2.3.0/gems/railties-5.1.3/lib/rails/engine.rb:692:in `build_request'
/root/.rbenv/versions/2.3.1/lib/ruby/gems/2.3.0/gems/railties-5.1.3/lib/rails/application.rb:518:in `build_request'
/root/.rbenv/versions/2.3.1/lib/ruby/gems/2.3.0/gems/railties-5.1.3/lib/rails/engine.rb:521:in `call'
/root/.rbenv/versions/2.3.1/lib/ruby/gems/2.3.0/gems/puma-3.10.0/lib/puma/configuration.rb:225:in `call'
/root/.rbenv/versions/2.3.1/lib/ruby/gems/2.3.0/gems/puma-3.10.0/lib/puma/server.rb:605:in `handle_request'
/root/.rbenv/versions/2.3.1/lib/ruby/gems/2.3.0/gems/puma-3.10.0/lib/puma/server.rb:437:in `process_client'
/root/.rbenv/versions/2.3.1/lib/ruby/gems/2.3.0/gems/puma-3.10.0/lib/puma/server.rb:301:in `block in run'
/root/.rbenv/versions/2.3.1/lib/ruby/gems/2.3.0/gems/puma-3.10.0/lib/puma/thread_pool.rb:120:in `block in spawn_thread'
2017-09-10 14:10:05 +0000: Rack app error handling request { GET /favicon.ico }
#<RuntimeError: Missing `secret_key_base` for 'production' environment, set this value in `config/secrets.yml`>
/root/.rbenv/versions/2.3.1/lib/ruby/gems/2.3.0/gems/railties-5.1.3/lib/rails/application.rb:510:in `validate_secret_key_config!'
/root/.rbenv/versions/2.3.1/lib/ruby/gems/2.3.0/gems/railties-5.1.3/lib/rails/application.rb:247:in `env_config'
/root/.rbenv/versions/2.3.1/lib/ruby/gems/2.3.0/gems/railties-5.1.3/lib/rails/engine.rb:692:in `build_request'
/root/.rbenv/versions/2.3.1/lib/ruby/gems/2.3.0/gems/railties-5.1.3/lib/rails/application.rb:518:in `build_request'
/root/.rbenv/versions/2.3.1/lib/ruby/gems/2.3.0/gems/railties-5.1.3/lib/rails/engine.rb:521:in `call'
/root/.rbenv/versions/2.3.1/lib/ruby/gems/2.3.0/gems/puma-3.10.0/lib/puma/configuration.rb:225:in `call'
/root/.rbenv/versions/2.3.1/lib/ruby/gems/2.3.0/gems/puma-3.10.0/lib/puma/server.rb:605:in `handle_request'
/root/.rbenv/versions/2.3.1/lib/ruby/gems/2.3.0/gems/puma-3.10.0/lib/puma/server.rb:437:in `process_client'
/root/.rbenv/versions/2.3.1/lib/ruby/gems/2.3.0/gems/puma-3.10.0/lib/puma/server.rb:301:in `block in run'
/root/.rbenv/versions/2.3.1/lib/ruby/gems/2.3.0/gems/puma-3.10.0/lib/puma/thread_pool.rb:120:in `block in spawn_thread'
2017-09-10 14:10:07 +0000: Rack app error handling request { GET / }
#<RuntimeError: Missing `secret_key_base` for 'production' environment, set this value in `config/secrets.yml`>
/root/.rbenv/versions/2.3.1/lib/ruby/gems/2.3.0/gems/railties-5.1.3/lib/rails/application.rb:510:in `validate_secret_key_config!'
/root/.rbenv/versions/2.3.1/lib/ruby/gems/2.3.0/gems/railties-5.1.3/lib/rails/application.rb:247:in `env_config'
/root/.rbenv/versions/2.3.1/lib/ruby/gems/2.3.0/gems/railties-5.1.3/lib/rails/engine.rb:692:in `build_request'
/root/.rbenv/versions/2.3.1/lib/ruby/gems/2.3.0/gems/railties-5.1.3/lib/rails/application.rb:518:in `build_request'
/root/.rbenv/versions/2.3.1/lib/ruby/gems/2.3.0/gems/railties-5.1.3/lib/rails/engine.rb:521:in `call'
/root/.rbenv/versions/2.3.1/lib/ruby/gems/2.3.0/gems/puma-3.10.0/lib/puma/configuration.rb:225:in `call'
/root/.rbenv/versions/2.3.1/lib/ruby/gems/2.3.0/gems/puma-3.10.0/lib/puma/server.rb:605:in `handle_request'
/root/.rbenv/versions/2.3.1/lib/ruby/gems/2.3.0/gems/puma-3.10.0/lib/puma/server.rb:437:in `process_client'
/root/.rbenv/versions/2.3.1/lib/ruby/gems/2.3.0/gems/puma-3.10.0/lib/puma/server.rb:301:in `block in run'
/root/.rbenv/versions/2.3.1/lib/ruby/gems/2.3.0/gems/puma-3.10.0/lib/puma/thread_pool.rb:120:in `block in spawn_thread'
2017-09-10 14:10:07 +0000: Rack app error handling request { GET /favicon.ico }
#<RuntimeError: Missing `secret_key_base` for 'production' environment, set this value in `config/secrets.yml`>
/root/.rbenv/versions/2.3.1/lib/ruby/gems/2.3.0/gems/railties-5.1.3/lib/rails/application.rb:510:in `validate_secret_key_config!'
/root/.rbenv/versions/2.3.1/lib/ruby/gems/2.3.0/gems/railties-5.1.3/lib/rails/application.rb:247:in `env_config'
/root/.rbenv/versions/2.3.1/lib/ruby/gems/2.3.0/gems/railties-5.1.3/lib/rails/engine.rb:692:in `build_request'
/root/.rbenv/versions/2.3.1/lib/ruby/gems/2.3.0/gems/railties-5.1.3/lib/rails/application.rb:518:in `build_request'
/root/.rbenv/versions/2.3.1/lib/ruby/gems/2.3.0/gems/railties-5.1.3/lib/rails/engine.rb:521:in `call'
/root/.rbenv/versions/2.3.1/lib/ruby/gems/2.3.0/gems/puma-3.10.0/lib/puma/configuration.rb:225:in `call'
/root/.rbenv/versions/2.3.1/lib/ruby/gems/2.3.0/gems/puma-3.10.0/lib/puma/server.rb:605:in `handle_request'
/root/.rbenv/versions/2.3.1/lib/ruby/gems/2.3.0/gems/puma-3.10.0/lib/puma/server.rb:437:in `process_client'
/root/.rbenv/versions/2.3.1/lib/ruby/gems/2.3.0/gems/puma-3.10.0/lib/puma/server.rb:301:in `block in run'
/root/.rbenv/versions/2.3.1/lib/ruby/gems/2.3.0/gems/puma-3.10.0/lib/puma/thread_pool.rb:120:in `block in spawn_thread'
=== puma startup: 2017-09-10 14:11:46 +0000 ===
=== puma startup: 2017-09-10 14:12:42 +0000 ===
=== puma startup: 2017-09-10 14:14:29 +0000 ===
=== puma startup: 2017-09-10 14:19:20 +0000 ===
=== puma startup: 2017-09-10 14:20:35 +0000 ===
=== puma startup: 2017-09-10 15:04:57 +0000 ===
=== puma startup: 2017-09-10 15:09:50 +0000 ===
=== puma startup: 2017-09-10 15:10:20 +0000 ===
=== puma startup: 2017-09-10 15:10:30 +0000 ===
=== puma startup: 2017-09-10 15:16:14 +0000 ===
=== puma startup: 2017-09-10 15:16:23 +0000 ===
=== puma startup: 2017-09-10 15:19:44 +0000 ===
=== puma startup: 2017-09-10 15:23:38 +0000 ===
=== puma startup: 2017-09-11 13:45:14 +0530 ===
=== puma startup: 2017-09-11 13:48:43 +0530 ===
=== puma startup: 2017-09-11 13:50:09 +0530 ===
=== puma startup: 2017-09-11 13:54:25 +0530 ===
