=== puma startup: 2017-09-10 13:51:30 +0000 ===
Exiting
=== puma startup: 2017-09-10 13:56:50 +0000 ===
[11301] * Starting control server on unix:///tmp/puma-status-1505051810751-11301
  [1m[35m (1.5ms)[0m  [1m[35mSET NAMES utf8,  @@SESSION.sql_mode = CONCAT(CONCAT(@@sql_mode, ',STRICT_ALL_TABLES'), ',NO_AUTO_VALUE_ON_ZERO'),  @@SESSION.sql_auto_is_null = 0, @@SESSION.wait_timeout = 2147483[0m
[11301] - Worker 0 (pid: 11341) booted, phase: 0
[11301] - Gracefully shutting down workers...
[11301] === puma shutdown: 2017-09-10 14:02:52 +0000 ===
[11301] - Goodbye!
Exiting
=== puma startup: 2017-09-10 14:03:16 +0000 ===
[11730] * Starting control server on unix:///tmp/puma-status-1505052196629-11730
[11730] - Worker 0 (pid: 11764) booted, phase: 0
[11730] - Gracefully shutting down workers...
[11730] === puma shutdown: 2017-09-10 14:03:58 +0000 ===
[11730] - Goodbye!
Exiting
=== puma startup: 2017-09-10 14:07:02 +0000 ===
[11965] * Starting control server on unix:///tmp/puma-status-1505052422502-11965
  [1m[35m (1.8ms)[0m  [1m[35mSET NAMES utf8,  @@SESSION.sql_mode = CONCAT(CONCAT(@@sql_mode, ',STRICT_ALL_TABLES'), ',NO_AUTO_VALUE_ON_ZERO'),  @@SESSION.sql_auto_is_null = 0, @@SESSION.wait_timeout = 2147483[0m
[11965] - Worker 0 (pid: 12005) booted, phase: 0
[11965] - Gracefully shutting down workers...
[11965] === puma shutdown: 2017-09-10 14:07:04 +0000 ===
[11965] - Goodbye!
Exiting
=== puma startup: 2017-09-10 14:07:45 +0000 ===
[12027] * Starting control server on unix:///tmp/puma-status-1505052465023-12027
[12027] - Worker 0 (pid: 12061) booted, phase: 0
[12027] - Gracefully shutting down workers...
[12027] === puma shutdown: 2017-09-10 14:09:13 +0000 ===
[12027] - Goodbye!
Exiting
=== puma startup: 2017-09-10 14:09:34 +0000 ===
- Gracefully stopping, waiting for requests to finish
=== puma shutdown: 2017-09-10 14:11:20 +0000 ===
- Goodbye!
Exiting
=== puma startup: 2017-09-10 14:11:46 +0000 ===
- Gracefully stopping, waiting for requests to finish
=== puma shutdown: 2017-09-10 14:12:36 +0000 ===
- Goodbye!
Exiting
=== puma startup: 2017-09-10 14:12:42 +0000 ===
Started GET "/" for 49.207.186.141 at 2017-09-10 14:12:42 +0000
Cannot render console from 49.207.186.141! Allowed networks: 127.0.0.1, ::1, 127.0.0.0/127.255.255.255
  [1m[35m (1.1ms)[0m  [1m[35mSET NAMES utf8,  @@SESSION.sql_mode = CONCAT(CONCAT(@@sql_mode, ',STRICT_ALL_TABLES'), ',NO_AUTO_VALUE_ON_ZERO'),  @@SESSION.sql_auto_is_null = 0, @@SESSION.wait_timeout = 2147483[0m
  [1m[35m (0.5ms)[0m  [1m[34mSELECT `schema_migrations`.`version` FROM `schema_migrations` ORDER BY `schema_migrations`.`version` ASC[0m
Processing by MainController#index as HTML
  Rendering main/index.html.erb within layouts/application
  Rendered main/index.html.erb within layouts/application (20.2ms)
Completed 200 OK in 37ms (Views: 36.0ms | ActiveRecord: 0.0ms)


Started GET "/" for 27.5.194.192 at 2017-09-10 14:12:46 +0000
Cannot render console from 27.5.194.192! Allowed networks: 127.0.0.1, ::1, 127.0.0.0/127.255.255.255
Processing by MainController#index as HTML
  Rendering main/index.html.erb within layouts/application
  Rendered main/index.html.erb within layouts/application (6.9ms)
Completed 200 OK in 13ms (Views: 12.1ms | ActiveRecord: 0.0ms)


- Gracefully stopping, waiting for requests to finish
=== puma shutdown: 2017-09-10 14:12:56 +0000 ===
- Goodbye!
Exiting
=== puma startup: 2017-09-10 14:14:29 +0000 ===
- Gracefully stopping, waiting for requests to finish
=== puma shutdown: 2017-09-10 14:19:14 +0000 ===
- Goodbye!
Exiting
=== puma startup: 2017-09-10 14:19:20 +0000 ===
- Gracefully stopping, waiting for requests to finish
=== puma shutdown: 2017-09-10 14:19:53 +0000 ===
- Goodbye!
Exiting
=== puma startup: 2017-09-10 14:20:35 +0000 ===
Started GET "/" for 27.5.194.192 at 2017-09-10 14:22:05 +0000
Cannot render console from 27.5.194.192! Allowed networks: 127.0.0.1, ::1, 127.0.0.0/127.255.255.255
  [1m[35m (1.3ms)[0m  [1m[35mSET NAMES utf8,  @@SESSION.sql_mode = CONCAT(CONCAT(@@sql_mode, ',STRICT_ALL_TABLES'), ',NO_AUTO_VALUE_ON_ZERO'),  @@SESSION.sql_auto_is_null = 0, @@SESSION.wait_timeout = 2147483[0m
  [1m[35m (0.9ms)[0m  [1m[34mSELECT `schema_migrations`.`version` FROM `schema_migrations` ORDER BY `schema_migrations`.`version` ASC[0m
Processing by MainController#index as HTML
  Rendering main/index.html.erb within layouts/application
  Rendered main/index.html.erb within layouts/application (22.7ms)
Completed 200 OK in 45ms (Views: 43.6ms | ActiveRecord: 0.0ms)


Started GET "/" for 27.5.194.192 at 2017-09-10 14:22:56 +0000
Cannot render console from 27.5.194.192! Allowed networks: 127.0.0.1, ::1, 127.0.0.0/127.255.255.255
Processing by MainController#index as HTML
  Rendering main/index.html.erb within layouts/application
  Rendered main/index.html.erb within layouts/application (6.1ms)
Completed 200 OK in 12ms (Views: 10.7ms | ActiveRecord: 0.0ms)


Started GET "/" for 103.219.206.16 at 2017-09-10 14:25:23 +0000
Cannot render console from 103.219.206.16! Allowed networks: 127.0.0.1, ::1, 127.0.0.0/127.255.255.255
Processing by MainController#index as HTML
  Rendering main/index.html.erb within layouts/application
  Rendered main/index.html.erb within layouts/application (8.7ms)
Completed 200 OK in 20ms (Views: 17.4ms | ActiveRecord: 0.0ms)


Started GET "/" for 103.219.206.16 at 2017-09-10 14:26:02 +0000
Cannot render console from 103.219.206.16! Allowed networks: 127.0.0.1, ::1, 127.0.0.0/127.255.255.255
Processing by MainController#index as HTML
  Rendering main/index.html.erb within layouts/application
  Rendered main/index.html.erb within layouts/application (12.1ms)
Completed 200 OK in 23ms (Views: 19.5ms | ActiveRecord: 0.0ms)


Started GET "/" for 103.219.206.16 at 2017-09-10 14:26:43 +0000
Cannot render console from 103.219.206.16! Allowed networks: 127.0.0.1, ::1, 127.0.0.0/127.255.255.255
Processing by MainController#index as HTML
  Rendering main/index.html.erb within layouts/application
  Rendered main/index.html.erb within layouts/application (11.9ms)
Completed 200 OK in 19ms (Views: 17.4ms | ActiveRecord: 0.0ms)


Started GET "/:8080/phpmyadmin" for 103.219.206.16 at 2017-09-10 14:27:34 +0000
Cannot render console from 103.219.206.16! Allowed networks: 127.0.0.1, ::1, 127.0.0.0/127.255.255.255
  
ActionController::RoutingError (No route matches [GET] "/:8080/phpmyadmin"):
  
actionpack (5.1.3) lib/action_dispatch/middleware/debug_exceptions.rb:63:in `call'
web-console (3.5.1) lib/web_console/middleware.rb:135:in `call_app'
web-console (3.5.1) lib/web_console/middleware.rb:20:in `block in call'
web-console (3.5.1) lib/web_console/middleware.rb:18:in `catch'
web-console (3.5.1) lib/web_console/middleware.rb:18:in `call'
actionpack (5.1.3) lib/action_dispatch/middleware/show_exceptions.rb:31:in `call'
railties (5.1.3) lib/rails/rack/logger.rb:36:in `call_app'
railties (5.1.3) lib/rails/rack/logger.rb:24:in `block in call'
activesupport (5.1.3) lib/active_support/tagged_logging.rb:69:in `block in tagged'
activesupport (5.1.3) lib/active_support/tagged_logging.rb:26:in `tagged'
activesupport (5.1.3) lib/active_support/tagged_logging.rb:69:in `tagged'
railties (5.1.3) lib/rails/rack/logger.rb:24:in `call'
actionpack (5.1.3) lib/action_dispatch/middleware/remote_ip.rb:79:in `call'
actionpack (5.1.3) lib/action_dispatch/middleware/request_id.rb:25:in `call'
rack (2.0.3) lib/rack/method_override.rb:22:in `call'
rack (2.0.3) lib/rack/runtime.rb:22:in `call'
activesupport (5.1.3) lib/active_support/cache/strategy/local_cache_middleware.rb:27:in `call'
actionpack (5.1.3) lib/action_dispatch/middleware/executor.rb:12:in `call'
actionpack (5.1.3) lib/action_dispatch/middleware/static.rb:125:in `call'
rack (2.0.3) lib/rack/sendfile.rb:111:in `call'
railties (5.1.3) lib/rails/engine.rb:522:in `call'
puma (3.10.0) lib/puma/configuration.rb:225:in `call'
puma (3.10.0) lib/puma/server.rb:605:in `handle_request'
puma (3.10.0) lib/puma/server.rb:437:in `process_client'
puma (3.10.0) lib/puma/server.rb:301:in `block in run'
puma (3.10.0) lib/puma/thread_pool.rb:120:in `block in spawn_thread'
Started GET "/8080/phpmyadmin" for 103.219.206.16 at 2017-09-10 14:27:41 +0000
Cannot render console from 103.219.206.16! Allowed networks: 127.0.0.1, ::1, 127.0.0.0/127.255.255.255
  
ActionController::RoutingError (No route matches [GET] "/8080/phpmyadmin"):
  
actionpack (5.1.3) lib/action_dispatch/middleware/debug_exceptions.rb:63:in `call'
web-console (3.5.1) lib/web_console/middleware.rb:135:in `call_app'
web-console (3.5.1) lib/web_console/middleware.rb:20:in `block in call'
web-console (3.5.1) lib/web_console/middleware.rb:18:in `catch'
web-console (3.5.1) lib/web_console/middleware.rb:18:in `call'
actionpack (5.1.3) lib/action_dispatch/middleware/show_exceptions.rb:31:in `call'
railties (5.1.3) lib/rails/rack/logger.rb:36:in `call_app'
railties (5.1.3) lib/rails/rack/logger.rb:24:in `block in call'
activesupport (5.1.3) lib/active_support/tagged_logging.rb:69:in `block in tagged'
activesupport (5.1.3) lib/active_support/tagged_logging.rb:26:in `tagged'
activesupport (5.1.3) lib/active_support/tagged_logging.rb:69:in `tagged'
railties (5.1.3) lib/rails/rack/logger.rb:24:in `call'
actionpack (5.1.3) lib/action_dispatch/middleware/remote_ip.rb:79:in `call'
actionpack (5.1.3) lib/action_dispatch/middleware/request_id.rb:25:in `call'
rack (2.0.3) lib/rack/method_override.rb:22:in `call'
rack (2.0.3) lib/rack/runtime.rb:22:in `call'
activesupport (5.1.3) lib/active_support/cache/strategy/local_cache_middleware.rb:27:in `call'
actionpack (5.1.3) lib/action_dispatch/middleware/executor.rb:12:in `call'
actionpack (5.1.3) lib/action_dispatch/middleware/static.rb:125:in `call'
rack (2.0.3) lib/rack/sendfile.rb:111:in `call'
railties (5.1.3) lib/rails/engine.rb:522:in `call'
puma (3.10.0) lib/puma/configuration.rb:225:in `call'
puma (3.10.0) lib/puma/server.rb:605:in `handle_request'
puma (3.10.0) lib/puma/server.rb:437:in `process_client'
puma (3.10.0) lib/puma/server.rb:301:in `block in run'
puma (3.10.0) lib/puma/thread_pool.rb:120:in `block in spawn_thread'
Started GET "/" for 27.5.194.192 at 2017-09-10 14:42:30 +0000
Cannot render console from 27.5.194.192! Allowed networks: 127.0.0.1, ::1, 127.0.0.0/127.255.255.255
Processing by MainController#index as HTML
  Rendering main/index.html.erb within layouts/application
  Rendered main/index.html.erb within layouts/application (12.6ms)
Completed 200 OK in 21ms (Views: 18.9ms | ActiveRecord: 0.0ms)


Started GET "/" for 107.170.96.6 at 2017-09-10 14:42:31 +0000
Cannot render console from 107.170.96.6! Allowed networks: 127.0.0.1, ::1, 127.0.0.0/127.255.255.255
Processing by MainController#index as */*
  Rendering main/index.html.erb within layouts/application
  Rendered main/index.html.erb within layouts/application (8.7ms)
Completed 200 OK in 20ms (Views: 16.2ms | ActiveRecord: 0.0ms)


Started GET "/" for 27.5.194.192 at 2017-09-10 14:42:35 +0000
Cannot render console from 27.5.194.192! Allowed networks: 127.0.0.1, ::1, 127.0.0.0/127.255.255.255
Processing by MainController#index as HTML
  Rendering main/index.html.erb within layouts/application
  Rendered main/index.html.erb within layouts/application (7.0ms)
Completed 200 OK in 14ms (Views: 12.4ms | ActiveRecord: 0.0ms)


Started GET "/" for 27.5.194.192 at 2017-09-10 14:46:06 +0000
Cannot render console from 27.5.194.192! Allowed networks: 127.0.0.1, ::1, 127.0.0.0/127.255.255.255
Processing by MainController#index as HTML
  Rendering main/index.html.erb within layouts/application
  Rendered main/index.html.erb within layouts/application (10.7ms)
Completed 200 OK in 20ms (Views: 17.5ms | ActiveRecord: 0.0ms)


Started GET "/" for 159.203.42.143 at 2017-09-10 14:46:07 +0000
Cannot render console from 159.203.42.143! Allowed networks: 127.0.0.1, ::1, 127.0.0.0/127.255.255.255
Processing by MainController#index as */*
  Rendering main/index.html.erb within layouts/application
  Rendered main/index.html.erb within layouts/application (3.3ms)
Completed 200 OK in 11ms (Views: 8.0ms | ActiveRecord: 0.0ms)


Started GET "/" for 103.242.238.254 at 2017-09-10 14:49:56 +0000
Cannot render console from 103.242.238.254! Allowed networks: 127.0.0.1, ::1, 127.0.0.0/127.255.255.255
Processing by MainController#index as HTML
  Rendering main/index.html.erb within layouts/application
  Rendered main/index.html.erb within layouts/application (7.2ms)
Completed 200 OK in 14ms (Views: 12.3ms | ActiveRecord: 0.0ms)


- Gracefully stopping, waiting for requests to finish
=== puma shutdown: 2017-09-10 14:50:24 +0000 ===
- Goodbye!
Exiting
=== puma startup: 2017-09-10 15:04:57 +0000 ===
- Gracefully stopping, waiting for requests to finish
=== puma shutdown: 2017-09-10 15:04:58 +0000 ===
- Goodbye!
Exiting
=== puma startup: 2017-09-10 15:09:50 +0000 ===
- Gracefully stopping, waiting for requests to finish
=== puma shutdown: 2017-09-10 15:09:51 +0000 ===
- Goodbye!
Exiting
=== puma startup: 2017-09-10 15:10:20 +0000 ===
Started GET "/" for 103.242.238.254 at 2017-09-10 15:10:22 +0000
Cannot render console from 103.242.238.254! Allowed networks: 127.0.0.1, ::1, 127.0.0.0/127.255.255.255
  [1m[35m (1.0ms)[0m  [1m[35mSET NAMES utf8,  @@SESSION.sql_mode = CONCAT(CONCAT(@@sql_mode, ',STRICT_ALL_TABLES'), ',NO_AUTO_VALUE_ON_ZERO'),  @@SESSION.sql_auto_is_null = 0, @@SESSION.wait_timeout = 2147483[0m
  [1m[35m (0.6ms)[0m  [1m[34mSELECT `schema_migrations`.`version` FROM `schema_migrations` ORDER BY `schema_migrations`.`version` ASC[0m
Processing by MainController#index as HTML
  Rendering main/index.html.erb within layouts/application
  Rendered main/index.html.erb within layouts/application (19.8ms)
Completed 200 OK in 37ms (Views: 25.8ms | ActiveRecord: 0.0ms)


- Gracefully stopping, waiting for requests to finish
=== puma shutdown: 2017-09-10 15:10:23 +0000 ===
- Goodbye!
Exiting
=== puma startup: 2017-09-10 15:10:30 +0000 ===
- Gracefully stopping, waiting for requests to finish
=== puma shutdown: 2017-09-10 15:10:31 +0000 ===
- Goodbye!
Exiting
=== puma startup: 2017-09-10 15:16:14 +0000 ===
- Gracefully stopping, waiting for requests to finish
=== puma shutdown: 2017-09-10 15:16:14 +0000 ===
- Goodbye!
Exiting
=== puma startup: 2017-09-10 15:16:23 +0000 ===
- Gracefully stopping, waiting for requests to finish
=== puma shutdown: 2017-09-10 15:16:25 +0000 ===
- Goodbye!
Exiting
=== puma startup: 2017-09-10 15:19:44 +0000 ===
- Gracefully stopping, waiting for requests to finish
=== puma shutdown: 2017-09-10 15:19:49 +0000 ===
- Goodbye!
=== puma startup: 2017-09-10 15:23:38 +0000 ===
=== puma startup: 2017-09-11 13:45:14 +0530 ===
- Gracefully stopping, waiting for requests to finish
=== puma shutdown: 2017-09-11 13:48:39 +0530 ===
- Goodbye!
Exiting
=== puma startup: 2017-09-11 13:48:43 +0530 ===
Started GET "/" for 127.0.0.1 at 2017-09-11 13:48:49 +0530
  
Mysql2::Error (Access denied for user 'root'@'localhost' (using password: YES)):
  
mysql2 (0.4.9) lib/mysql2/client.rb:89:in `connect'
mysql2 (0.4.9) lib/mysql2/client.rb:89:in `initialize'
activerecord (5.1.3) lib/active_record/connection_adapters/mysql2_adapter.rb:21:in `new'
activerecord (5.1.3) lib/active_record/connection_adapters/mysql2_adapter.rb:21:in `mysql2_connection'
activerecord (5.1.3) lib/active_record/connection_adapters/abstract/connection_pool.rb:759:in `new_connection'
activerecord (5.1.3) lib/active_record/connection_adapters/abstract/connection_pool.rb:803:in `checkout_new_connection'
activerecord (5.1.3) lib/active_record/connection_adapters/abstract/connection_pool.rb:782:in `try_to_checkout_new_connection'
activerecord (5.1.3) lib/active_record/connection_adapters/abstract/connection_pool.rb:743:in `acquire_connection'
activerecord (5.1.3) lib/active_record/connection_adapters/abstract/connection_pool.rb:500:in `checkout'
activerecord (5.1.3) lib/active_record/connection_adapters/abstract/connection_pool.rb:374:in `connection'
activerecord (5.1.3) lib/active_record/connection_adapters/abstract/connection_pool.rb:931:in `retrieve_connection'
activerecord (5.1.3) lib/active_record/connection_handling.rb:116:in `retrieve_connection'
activerecord (5.1.3) lib/active_record/connection_handling.rb:88:in `connection'
activerecord (5.1.3) lib/active_record/migration.rb:562:in `connection'
activerecord (5.1.3) lib/active_record/migration.rb:553:in `call'
actionpack (5.1.3) lib/action_dispatch/middleware/callbacks.rb:26:in `block in call'
activesupport (5.1.3) lib/active_support/callbacks.rb:97:in `run_callbacks'
actionpack (5.1.3) lib/action_dispatch/middleware/callbacks.rb:24:in `call'
actionpack (5.1.3) lib/action_dispatch/middleware/executor.rb:12:in `call'
actionpack (5.1.3) lib/action_dispatch/middleware/debug_exceptions.rb:59:in `call'
web-console (3.5.1) lib/web_console/middleware.rb:135:in `call_app'
web-console (3.5.1) lib/web_console/middleware.rb:28:in `block in call'
web-console (3.5.1) lib/web_console/middleware.rb:18:in `catch'
web-console (3.5.1) lib/web_console/middleware.rb:18:in `call'
actionpack (5.1.3) lib/action_dispatch/middleware/show_exceptions.rb:31:in `call'
railties (5.1.3) lib/rails/rack/logger.rb:36:in `call_app'
railties (5.1.3) lib/rails/rack/logger.rb:24:in `block in call'
activesupport (5.1.3) lib/active_support/tagged_logging.rb:69:in `block in tagged'
activesupport (5.1.3) lib/active_support/tagged_logging.rb:26:in `tagged'
activesupport (5.1.3) lib/active_support/tagged_logging.rb:69:in `tagged'
railties (5.1.3) lib/rails/rack/logger.rb:24:in `call'
actionpack (5.1.3) lib/action_dispatch/middleware/remote_ip.rb:79:in `call'
actionpack (5.1.3) lib/action_dispatch/middleware/request_id.rb:25:in `call'
rack (2.0.3) lib/rack/method_override.rb:22:in `call'
rack (2.0.3) lib/rack/runtime.rb:22:in `call'
activesupport (5.1.3) lib/active_support/cache/strategy/local_cache_middleware.rb:27:in `call'
actionpack (5.1.3) lib/action_dispatch/middleware/executor.rb:12:in `call'
actionpack (5.1.3) lib/action_dispatch/middleware/static.rb:125:in `call'
rack (2.0.3) lib/rack/sendfile.rb:111:in `call'
railties (5.1.3) lib/rails/engine.rb:522:in `call'
puma (3.10.0) lib/puma/configuration.rb:225:in `call'
puma (3.10.0) lib/puma/server.rb:605:in `handle_request'
puma (3.10.0) lib/puma/server.rb:437:in `process_client'
puma (3.10.0) lib/puma/server.rb:301:in `block in run'
puma (3.10.0) lib/puma/thread_pool.rb:120:in `block in spawn_thread'
Started GET "/" for 127.0.0.1 at 2017-09-11 13:50:00 +0530
  
Mysql2::Error (Access denied for user 'root'@'localhost' (using password: YES)):
  
mysql2 (0.4.9) lib/mysql2/client.rb:89:in `connect'
mysql2 (0.4.9) lib/mysql2/client.rb:89:in `initialize'
activerecord (5.1.3) lib/active_record/connection_adapters/mysql2_adapter.rb:21:in `new'
activerecord (5.1.3) lib/active_record/connection_adapters/mysql2_adapter.rb:21:in `mysql2_connection'
activerecord (5.1.3) lib/active_record/connection_adapters/abstract/connection_pool.rb:759:in `new_connection'
activerecord (5.1.3) lib/active_record/connection_adapters/abstract/connection_pool.rb:803:in `checkout_new_connection'
activerecord (5.1.3) lib/active_record/connection_adapters/abstract/connection_pool.rb:782:in `try_to_checkout_new_connection'
activerecord (5.1.3) lib/active_record/connection_adapters/abstract/connection_pool.rb:743:in `acquire_connection'
activerecord (5.1.3) lib/active_record/connection_adapters/abstract/connection_pool.rb:500:in `checkout'
activerecord (5.1.3) lib/active_record/connection_adapters/abstract/connection_pool.rb:374:in `connection'
activerecord (5.1.3) lib/active_record/connection_adapters/abstract/connection_pool.rb:931:in `retrieve_connection'
activerecord (5.1.3) lib/active_record/connection_handling.rb:116:in `retrieve_connection'
activerecord (5.1.3) lib/active_record/connection_handling.rb:88:in `connection'
activerecord (5.1.3) lib/active_record/migration.rb:562:in `connection'
activerecord (5.1.3) lib/active_record/migration.rb:553:in `call'
actionpack (5.1.3) lib/action_dispatch/middleware/callbacks.rb:26:in `block in call'
activesupport (5.1.3) lib/active_support/callbacks.rb:97:in `run_callbacks'
actionpack (5.1.3) lib/action_dispatch/middleware/callbacks.rb:24:in `call'
actionpack (5.1.3) lib/action_dispatch/middleware/executor.rb:12:in `call'
actionpack (5.1.3) lib/action_dispatch/middleware/debug_exceptions.rb:59:in `call'
web-console (3.5.1) lib/web_console/middleware.rb:135:in `call_app'
web-console (3.5.1) lib/web_console/middleware.rb:28:in `block in call'
web-console (3.5.1) lib/web_console/middleware.rb:18:in `catch'
web-console (3.5.1) lib/web_console/middleware.rb:18:in `call'
actionpack (5.1.3) lib/action_dispatch/middleware/show_exceptions.rb:31:in `call'
railties (5.1.3) lib/rails/rack/logger.rb:36:in `call_app'
railties (5.1.3) lib/rails/rack/logger.rb:24:in `block in call'
activesupport (5.1.3) lib/active_support/tagged_logging.rb:69:in `block in tagged'
activesupport (5.1.3) lib/active_support/tagged_logging.rb:26:in `tagged'
activesupport (5.1.3) lib/active_support/tagged_logging.rb:69:in `tagged'
railties (5.1.3) lib/rails/rack/logger.rb:24:in `call'
actionpack (5.1.3) lib/action_dispatch/middleware/remote_ip.rb:79:in `call'
actionpack (5.1.3) lib/action_dispatch/middleware/request_id.rb:25:in `call'
rack (2.0.3) lib/rack/method_override.rb:22:in `call'
rack (2.0.3) lib/rack/runtime.rb:22:in `call'
activesupport (5.1.3) lib/active_support/cache/strategy/local_cache_middleware.rb:27:in `call'
actionpack (5.1.3) lib/action_dispatch/middleware/executor.rb:12:in `call'
actionpack (5.1.3) lib/action_dispatch/middleware/static.rb:125:in `call'
rack (2.0.3) lib/rack/sendfile.rb:111:in `call'
railties (5.1.3) lib/rails/engine.rb:522:in `call'
puma (3.10.0) lib/puma/configuration.rb:225:in `call'
puma (3.10.0) lib/puma/server.rb:605:in `handle_request'
puma (3.10.0) lib/puma/server.rb:437:in `process_client'
puma (3.10.0) lib/puma/server.rb:301:in `block in run'
puma (3.10.0) lib/puma/thread_pool.rb:120:in `block in spawn_thread'
Started GET "/" for 127.0.0.1 at 2017-09-11 13:50:01 +0530
  
Mysql2::Error (Access denied for user 'root'@'localhost' (using password: YES)):
  
mysql2 (0.4.9) lib/mysql2/client.rb:89:in `connect'
mysql2 (0.4.9) lib/mysql2/client.rb:89:in `initialize'
activerecord (5.1.3) lib/active_record/connection_adapters/mysql2_adapter.rb:21:in `new'
activerecord (5.1.3) lib/active_record/connection_adapters/mysql2_adapter.rb:21:in `mysql2_connection'
activerecord (5.1.3) lib/active_record/connection_adapters/abstract/connection_pool.rb:759:in `new_connection'
activerecord (5.1.3) lib/active_record/connection_adapters/abstract/connection_pool.rb:803:in `checkout_new_connection'
activerecord (5.1.3) lib/active_record/connection_adapters/abstract/connection_pool.rb:782:in `try_to_checkout_new_connection'
activerecord (5.1.3) lib/active_record/connection_adapters/abstract/connection_pool.rb:743:in `acquire_connection'
activerecord (5.1.3) lib/active_record/connection_adapters/abstract/connection_pool.rb:500:in `checkout'
activerecord (5.1.3) lib/active_record/connection_adapters/abstract/connection_pool.rb:374:in `connection'
activerecord (5.1.3) lib/active_record/connection_adapters/abstract/connection_pool.rb:931:in `retrieve_connection'
activerecord (5.1.3) lib/active_record/connection_handling.rb:116:in `retrieve_connection'
activerecord (5.1.3) lib/active_record/connection_handling.rb:88:in `connection'
activerecord (5.1.3) lib/active_record/migration.rb:562:in `connection'
activerecord (5.1.3) lib/active_record/migration.rb:553:in `call'
actionpack (5.1.3) lib/action_dispatch/middleware/callbacks.rb:26:in `block in call'
activesupport (5.1.3) lib/active_support/callbacks.rb:97:in `run_callbacks'
actionpack (5.1.3) lib/action_dispatch/middleware/callbacks.rb:24:in `call'
actionpack (5.1.3) lib/action_dispatch/middleware/executor.rb:12:in `call'
actionpack (5.1.3) lib/action_dispatch/middleware/debug_exceptions.rb:59:in `call'
web-console (3.5.1) lib/web_console/middleware.rb:135:in `call_app'
web-console (3.5.1) lib/web_console/middleware.rb:28:in `block in call'
web-console (3.5.1) lib/web_console/middleware.rb:18:in `catch'
web-console (3.5.1) lib/web_console/middleware.rb:18:in `call'
actionpack (5.1.3) lib/action_dispatch/middleware/show_exceptions.rb:31:in `call'
railties (5.1.3) lib/rails/rack/logger.rb:36:in `call_app'
railties (5.1.3) lib/rails/rack/logger.rb:24:in `block in call'
activesupport (5.1.3) lib/active_support/tagged_logging.rb:69:in `block in tagged'
activesupport (5.1.3) lib/active_support/tagged_logging.rb:26:in `tagged'
activesupport (5.1.3) lib/active_support/tagged_logging.rb:69:in `tagged'
railties (5.1.3) lib/rails/rack/logger.rb:24:in `call'
actionpack (5.1.3) lib/action_dispatch/middleware/remote_ip.rb:79:in `call'
actionpack (5.1.3) lib/action_dispatch/middleware/request_id.rb:25:in `call'
rack (2.0.3) lib/rack/method_override.rb:22:in `call'
rack (2.0.3) lib/rack/runtime.rb:22:in `call'
activesupport (5.1.3) lib/active_support/cache/strategy/local_cache_middleware.rb:27:in `call'
actionpack (5.1.3) lib/action_dispatch/middleware/executor.rb:12:in `call'
actionpack (5.1.3) lib/action_dispatch/middleware/static.rb:125:in `call'
rack (2.0.3) lib/rack/sendfile.rb:111:in `call'
railties (5.1.3) lib/rails/engine.rb:522:in `call'
puma (3.10.0) lib/puma/configuration.rb:225:in `call'
puma (3.10.0) lib/puma/server.rb:605:in `handle_request'
puma (3.10.0) lib/puma/server.rb:437:in `process_client'
puma (3.10.0) lib/puma/server.rb:301:in `block in run'
puma (3.10.0) lib/puma/thread_pool.rb:120:in `block in spawn_thread'
Started GET "/" for 127.0.0.1 at 2017-09-11 13:50:01 +0530
  
Mysql2::Error (Access denied for user 'root'@'localhost' (using password: YES)):
  
mysql2 (0.4.9) lib/mysql2/client.rb:89:in `connect'
mysql2 (0.4.9) lib/mysql2/client.rb:89:in `initialize'
activerecord (5.1.3) lib/active_record/connection_adapters/mysql2_adapter.rb:21:in `new'
activerecord (5.1.3) lib/active_record/connection_adapters/mysql2_adapter.rb:21:in `mysql2_connection'
activerecord (5.1.3) lib/active_record/connection_adapters/abstract/connection_pool.rb:759:in `new_connection'
activerecord (5.1.3) lib/active_record/connection_adapters/abstract/connection_pool.rb:803:in `checkout_new_connection'
activerecord (5.1.3) lib/active_record/connection_adapters/abstract/connection_pool.rb:782:in `try_to_checkout_new_connection'
activerecord (5.1.3) lib/active_record/connection_adapters/abstract/connection_pool.rb:743:in `acquire_connection'
activerecord (5.1.3) lib/active_record/connection_adapters/abstract/connection_pool.rb:500:in `checkout'
activerecord (5.1.3) lib/active_record/connection_adapters/abstract/connection_pool.rb:374:in `connection'
activerecord (5.1.3) lib/active_record/connection_adapters/abstract/connection_pool.rb:931:in `retrieve_connection'
activerecord (5.1.3) lib/active_record/connection_handling.rb:116:in `retrieve_connection'
activerecord (5.1.3) lib/active_record/connection_handling.rb:88:in `connection'
activerecord (5.1.3) lib/active_record/migration.rb:562:in `connection'
activerecord (5.1.3) lib/active_record/migration.rb:553:in `call'
actionpack (5.1.3) lib/action_dispatch/middleware/callbacks.rb:26:in `block in call'
activesupport (5.1.3) lib/active_support/callbacks.rb:97:in `run_callbacks'
actionpack (5.1.3) lib/action_dispatch/middleware/callbacks.rb:24:in `call'
actionpack (5.1.3) lib/action_dispatch/middleware/executor.rb:12:in `call'
actionpack (5.1.3) lib/action_dispatch/middleware/debug_exceptions.rb:59:in `call'
web-console (3.5.1) lib/web_console/middleware.rb:135:in `call_app'
web-console (3.5.1) lib/web_console/middleware.rb:28:in `block in call'
web-console (3.5.1) lib/web_console/middleware.rb:18:in `catch'
web-console (3.5.1) lib/web_console/middleware.rb:18:in `call'
actionpack (5.1.3) lib/action_dispatch/middleware/show_exceptions.rb:31:in `call'
railties (5.1.3) lib/rails/rack/logger.rb:36:in `call_app'
railties (5.1.3) lib/rails/rack/logger.rb:24:in `block in call'
activesupport (5.1.3) lib/active_support/tagged_logging.rb:69:in `block in tagged'
activesupport (5.1.3) lib/active_support/tagged_logging.rb:26:in `tagged'
activesupport (5.1.3) lib/active_support/tagged_logging.rb:69:in `tagged'
railties (5.1.3) lib/rails/rack/logger.rb:24:in `call'
actionpack (5.1.3) lib/action_dispatch/middleware/remote_ip.rb:79:in `call'
actionpack (5.1.3) lib/action_dispatch/middleware/request_id.rb:25:in `call'
rack (2.0.3) lib/rack/method_override.rb:22:in `call'
rack (2.0.3) lib/rack/runtime.rb:22:in `call'
activesupport (5.1.3) lib/active_support/cache/strategy/local_cache_middleware.rb:27:in `call'
actionpack (5.1.3) lib/action_dispatch/middleware/executor.rb:12:in `call'
actionpack (5.1.3) lib/action_dispatch/middleware/static.rb:125:in `call'
rack (2.0.3) lib/rack/sendfile.rb:111:in `call'
railties (5.1.3) lib/rails/engine.rb:522:in `call'
puma (3.10.0) lib/puma/configuration.rb:225:in `call'
puma (3.10.0) lib/puma/server.rb:605:in `handle_request'
puma (3.10.0) lib/puma/server.rb:437:in `process_client'
puma (3.10.0) lib/puma/server.rb:301:in `block in run'
puma (3.10.0) lib/puma/thread_pool.rb:120:in `block in spawn_thread'
Started GET "/" for 127.0.0.1 at 2017-09-11 13:50:01 +0530
  
Mysql2::Error (Access denied for user 'root'@'localhost' (using password: YES)):
  
mysql2 (0.4.9) lib/mysql2/client.rb:89:in `connect'
mysql2 (0.4.9) lib/mysql2/client.rb:89:in `initialize'
activerecord (5.1.3) lib/active_record/connection_adapters/mysql2_adapter.rb:21:in `new'
activerecord (5.1.3) lib/active_record/connection_adapters/mysql2_adapter.rb:21:in `mysql2_connection'
activerecord (5.1.3) lib/active_record/connection_adapters/abstract/connection_pool.rb:759:in `new_connection'
activerecord (5.1.3) lib/active_record/connection_adapters/abstract/connection_pool.rb:803:in `checkout_new_connection'
activerecord (5.1.3) lib/active_record/connection_adapters/abstract/connection_pool.rb:782:in `try_to_checkout_new_connection'
activerecord (5.1.3) lib/active_record/connection_adapters/abstract/connection_pool.rb:743:in `acquire_connection'
activerecord (5.1.3) lib/active_record/connection_adapters/abstract/connection_pool.rb:500:in `checkout'
activerecord (5.1.3) lib/active_record/connection_adapters/abstract/connection_pool.rb:374:in `connection'
activerecord (5.1.3) lib/active_record/connection_adapters/abstract/connection_pool.rb:931:in `retrieve_connection'
activerecord (5.1.3) lib/active_record/connection_handling.rb:116:in `retrieve_connection'
activerecord (5.1.3) lib/active_record/connection_handling.rb:88:in `connection'
activerecord (5.1.3) lib/active_record/migration.rb:562:in `connection'
activerecord (5.1.3) lib/active_record/migration.rb:553:in `call'
actionpack (5.1.3) lib/action_dispatch/middleware/callbacks.rb:26:in `block in call'
activesupport (5.1.3) lib/active_support/callbacks.rb:97:in `run_callbacks'
actionpack (5.1.3) lib/action_dispatch/middleware/callbacks.rb:24:in `call'
actionpack (5.1.3) lib/action_dispatch/middleware/executor.rb:12:in `call'
actionpack (5.1.3) lib/action_dispatch/middleware/debug_exceptions.rb:59:in `call'
web-console (3.5.1) lib/web_console/middleware.rb:135:in `call_app'
web-console (3.5.1) lib/web_console/middleware.rb:28:in `block in call'
web-console (3.5.1) lib/web_console/middleware.rb:18:in `catch'
web-console (3.5.1) lib/web_console/middleware.rb:18:in `call'
actionpack (5.1.3) lib/action_dispatch/middleware/show_exceptions.rb:31:in `call'
railties (5.1.3) lib/rails/rack/logger.rb:36:in `call_app'
railties (5.1.3) lib/rails/rack/logger.rb:24:in `block in call'
activesupport (5.1.3) lib/active_support/tagged_logging.rb:69:in `block in tagged'
activesupport (5.1.3) lib/active_support/tagged_logging.rb:26:in `tagged'
activesupport (5.1.3) lib/active_support/tagged_logging.rb:69:in `tagged'
railties (5.1.3) lib/rails/rack/logger.rb:24:in `call'
actionpack (5.1.3) lib/action_dispatch/middleware/remote_ip.rb:79:in `call'
actionpack (5.1.3) lib/action_dispatch/middleware/request_id.rb:25:in `call'
rack (2.0.3) lib/rack/method_override.rb:22:in `call'
rack (2.0.3) lib/rack/runtime.rb:22:in `call'
activesupport (5.1.3) lib/active_support/cache/strategy/local_cache_middleware.rb:27:in `call'
actionpack (5.1.3) lib/action_dispatch/middleware/executor.rb:12:in `call'
actionpack (5.1.3) lib/action_dispatch/middleware/static.rb:125:in `call'
rack (2.0.3) lib/rack/sendfile.rb:111:in `call'
railties (5.1.3) lib/rails/engine.rb:522:in `call'
puma (3.10.0) lib/puma/configuration.rb:225:in `call'
puma (3.10.0) lib/puma/server.rb:605:in `handle_request'
puma (3.10.0) lib/puma/server.rb:437:in `process_client'
puma (3.10.0) lib/puma/server.rb:301:in `block in run'
puma (3.10.0) lib/puma/thread_pool.rb:120:in `block in spawn_thread'
Started GET "/" for 127.0.0.1 at 2017-09-11 13:50:01 +0530
  
Mysql2::Error (Access denied for user 'root'@'localhost' (using password: YES)):
  
mysql2 (0.4.9) lib/mysql2/client.rb:89:in `connect'
mysql2 (0.4.9) lib/mysql2/client.rb:89:in `initialize'
activerecord (5.1.3) lib/active_record/connection_adapters/mysql2_adapter.rb:21:in `new'
activerecord (5.1.3) lib/active_record/connection_adapters/mysql2_adapter.rb:21:in `mysql2_connection'
activerecord (5.1.3) lib/active_record/connection_adapters/abstract/connection_pool.rb:759:in `new_connection'
activerecord (5.1.3) lib/active_record/connection_adapters/abstract/connection_pool.rb:803:in `checkout_new_connection'
activerecord (5.1.3) lib/active_record/connection_adapters/abstract/connection_pool.rb:782:in `try_to_checkout_new_connection'
activerecord (5.1.3) lib/active_record/connection_adapters/abstract/connection_pool.rb:743:in `acquire_connection'
activerecord (5.1.3) lib/active_record/connection_adapters/abstract/connection_pool.rb:500:in `checkout'
activerecord (5.1.3) lib/active_record/connection_adapters/abstract/connection_pool.rb:374:in `connection'
activerecord (5.1.3) lib/active_record/connection_adapters/abstract/connection_pool.rb:931:in `retrieve_connection'
activerecord (5.1.3) lib/active_record/connection_handling.rb:116:in `retrieve_connection'
activerecord (5.1.3) lib/active_record/connection_handling.rb:88:in `connection'
activerecord (5.1.3) lib/active_record/migration.rb:562:in `connection'
activerecord (5.1.3) lib/active_record/migration.rb:553:in `call'
actionpack (5.1.3) lib/action_dispatch/middleware/callbacks.rb:26:in `block in call'
activesupport (5.1.3) lib/active_support/callbacks.rb:97:in `run_callbacks'
actionpack (5.1.3) lib/action_dispatch/middleware/callbacks.rb:24:in `call'
actionpack (5.1.3) lib/action_dispatch/middleware/executor.rb:12:in `call'
actionpack (5.1.3) lib/action_dispatch/middleware/debug_exceptions.rb:59:in `call'
web-console (3.5.1) lib/web_console/middleware.rb:135:in `call_app'
web-console (3.5.1) lib/web_console/middleware.rb:28:in `block in call'
web-console (3.5.1) lib/web_console/middleware.rb:18:in `catch'
web-console (3.5.1) lib/web_console/middleware.rb:18:in `call'
actionpack (5.1.3) lib/action_dispatch/middleware/show_exceptions.rb:31:in `call'
railties (5.1.3) lib/rails/rack/logger.rb:36:in `call_app'
railties (5.1.3) lib/rails/rack/logger.rb:24:in `block in call'
activesupport (5.1.3) lib/active_support/tagged_logging.rb:69:in `block in tagged'
activesupport (5.1.3) lib/active_support/tagged_logging.rb:26:in `tagged'
activesupport (5.1.3) lib/active_support/tagged_logging.rb:69:in `tagged'
railties (5.1.3) lib/rails/rack/logger.rb:24:in `call'
actionpack (5.1.3) lib/action_dispatch/middleware/remote_ip.rb:79:in `call'
actionpack (5.1.3) lib/action_dispatch/middleware/request_id.rb:25:in `call'
rack (2.0.3) lib/rack/method_override.rb:22:in `call'
rack (2.0.3) lib/rack/runtime.rb:22:in `call'
activesupport (5.1.3) lib/active_support/cache/strategy/local_cache_middleware.rb:27:in `call'
actionpack (5.1.3) lib/action_dispatch/middleware/executor.rb:12:in `call'
actionpack (5.1.3) lib/action_dispatch/middleware/static.rb:125:in `call'
rack (2.0.3) lib/rack/sendfile.rb:111:in `call'
railties (5.1.3) lib/rails/engine.rb:522:in `call'
puma (3.10.0) lib/puma/configuration.rb:225:in `call'
puma (3.10.0) lib/puma/server.rb:605:in `handle_request'
puma (3.10.0) lib/puma/server.rb:437:in `process_client'
puma (3.10.0) lib/puma/server.rb:301:in `block in run'
puma (3.10.0) lib/puma/thread_pool.rb:120:in `block in spawn_thread'
Started GET "/" for 127.0.0.1 at 2017-09-11 13:50:01 +0530
  
Mysql2::Error (Access denied for user 'root'@'localhost' (using password: YES)):
  
mysql2 (0.4.9) lib/mysql2/client.rb:89:in `connect'
mysql2 (0.4.9) lib/mysql2/client.rb:89:in `initialize'
activerecord (5.1.3) lib/active_record/connection_adapters/mysql2_adapter.rb:21:in `new'
activerecord (5.1.3) lib/active_record/connection_adapters/mysql2_adapter.rb:21:in `mysql2_connection'
activerecord (5.1.3) lib/active_record/connection_adapters/abstract/connection_pool.rb:759:in `new_connection'
activerecord (5.1.3) lib/active_record/connection_adapters/abstract/connection_pool.rb:803:in `checkout_new_connection'
activerecord (5.1.3) lib/active_record/connection_adapters/abstract/connection_pool.rb:782:in `try_to_checkout_new_connection'
activerecord (5.1.3) lib/active_record/connection_adapters/abstract/connection_pool.rb:743:in `acquire_connection'
activerecord (5.1.3) lib/active_record/connection_adapters/abstract/connection_pool.rb:500:in `checkout'
activerecord (5.1.3) lib/active_record/connection_adapters/abstract/connection_pool.rb:374:in `connection'
activerecord (5.1.3) lib/active_record/connection_adapters/abstract/connection_pool.rb:931:in `retrieve_connection'
activerecord (5.1.3) lib/active_record/connection_handling.rb:116:in `retrieve_connection'
activerecord (5.1.3) lib/active_record/connection_handling.rb:88:in `connection'
activerecord (5.1.3) lib/active_record/migration.rb:562:in `connection'
activerecord (5.1.3) lib/active_record/migration.rb:553:in `call'
actionpack (5.1.3) lib/action_dispatch/middleware/callbacks.rb:26:in `block in call'
activesupport (5.1.3) lib/active_support/callbacks.rb:97:in `run_callbacks'
actionpack (5.1.3) lib/action_dispatch/middleware/callbacks.rb:24:in `call'
actionpack (5.1.3) lib/action_dispatch/middleware/executor.rb:12:in `call'
actionpack (5.1.3) lib/action_dispatch/middleware/debug_exceptions.rb:59:in `call'
web-console (3.5.1) lib/web_console/middleware.rb:135:in `call_app'
web-console (3.5.1) lib/web_console/middleware.rb:28:in `block in call'
web-console (3.5.1) lib/web_console/middleware.rb:18:in `catch'
web-console (3.5.1) lib/web_console/middleware.rb:18:in `call'
actionpack (5.1.3) lib/action_dispatch/middleware/show_exceptions.rb:31:in `call'
railties (5.1.3) lib/rails/rack/logger.rb:36:in `call_app'
railties (5.1.3) lib/rails/rack/logger.rb:24:in `block in call'
activesupport (5.1.3) lib/active_support/tagged_logging.rb:69:in `block in tagged'
activesupport (5.1.3) lib/active_support/tagged_logging.rb:26:in `tagged'
activesupport (5.1.3) lib/active_support/tagged_logging.rb:69:in `tagged'
railties (5.1.3) lib/rails/rack/logger.rb:24:in `call'
actionpack (5.1.3) lib/action_dispatch/middleware/remote_ip.rb:79:in `call'
actionpack (5.1.3) lib/action_dispatch/middleware/request_id.rb:25:in `call'
rack (2.0.3) lib/rack/method_override.rb:22:in `call'
rack (2.0.3) lib/rack/runtime.rb:22:in `call'
activesupport (5.1.3) lib/active_support/cache/strategy/local_cache_middleware.rb:27:in `call'
actionpack (5.1.3) lib/action_dispatch/middleware/executor.rb:12:in `call'
actionpack (5.1.3) lib/action_dispatch/middleware/static.rb:125:in `call'
rack (2.0.3) lib/rack/sendfile.rb:111:in `call'
railties (5.1.3) lib/rails/engine.rb:522:in `call'
puma (3.10.0) lib/puma/configuration.rb:225:in `call'
puma (3.10.0) lib/puma/server.rb:605:in `handle_request'
puma (3.10.0) lib/puma/server.rb:437:in `process_client'
puma (3.10.0) lib/puma/server.rb:301:in `block in run'
puma (3.10.0) lib/puma/thread_pool.rb:120:in `block in spawn_thread'
- Gracefully stopping, waiting for requests to finish
=== puma shutdown: 2017-09-11 13:50:07 +0530 ===
- Goodbye!
Exiting
=== puma startup: 2017-09-11 13:50:09 +0530 ===
Started GET "/" for 127.0.0.1 at 2017-09-11 13:50:12 +0530
  [1m[35m (0.3ms)[0m  [1m[35mSET NAMES utf8,  @@SESSION.sql_mode = CONCAT(CONCAT(@@sql_mode, ',STRICT_ALL_TABLES'), ',NO_AUTO_VALUE_ON_ZERO'),  @@SESSION.sql_auto_is_null = 0, @@SESSION.wait_timeout = 2147483[0m
  [1m[35m (0.3ms)[0m  [1m[34mSELECT `schema_migrations`.`version` FROM `schema_migrations` ORDER BY `schema_migrations`.`version` ASC[0m
Processing by MainController#index as HTML
  Rendering main/index.html.erb within layouts/application
  Rendered main/index.html.erb within layouts/application (13.0ms)
Completed 200 OK in 17ms (Views: 16.6ms | ActiveRecord: 0.0ms)


Started POST "/sign/up_create" for 127.0.0.1 at 2017-09-11 13:51:34 +0530
Processing by SignController#up_create as HTML
  Parameters: {"utf8"=>"✓", "authenticity_token"=>"N2b0zOxcTd3zl1T9mn2ZRlMbn/Be/okUgvqpMIzOdJht3iSrUdciFUlYEMZJfIcZ4RLcgA6n273vXnVvrf7Ocw==", "user"=>{"name"=>"ganeshe", "college"=>"svce", "email"=>"ganeshjayaram7915@gmail.com", "phone"=>"9944444444", "password"=>"[FILTERED]", "password_confirmation"=>"[FILTERED]"}}
  [1m[35m (2.0ms)[0m  [1m[35mSET NAMES utf8,  @@SESSION.sql_mode = CONCAT(CONCAT(@@sql_mode, ',STRICT_ALL_TABLES'), ',NO_AUTO_VALUE_ON_ZERO'),  @@SESSION.sql_auto_is_null = 0, @@SESSION.wait_timeout = 2147483[0m
  [1m[36mUser Load (0.6ms)[0m  [1m[34mSELECT  `users`.* FROM `users` WHERE `users`.`email` = 'ganeshjayaram7915@gmail.com' LIMIT 1[0m
  [1m[35m (0.3ms)[0m  [1m[35mBEGIN[0m
  [1m[36mUser Exists (0.8ms)[0m  [1m[34mSELECT  1 AS one FROM `users` WHERE `users`.`email` = 'ganeshjayaram7915@gmail.com' LIMIT 1[0m
  [1m[35mSQL (1.4ms)[0m  [1m[32mINSERT INTO `users` (`email`, `password_digest`, `name`, `phone`, `college`, `created_at`, `updated_at`) VALUES ('ganeshjayaram7915@gmail.com', '$2a$10$tY.AIAxC0EOk46oA1LL1LedkLj0BMblEgyuZ/jqf.wj6kJ.Z2upw6', 'ganeshe', '9944444444', 'svce', '2017-09-11 08:21:34', '2017-09-11 08:21:34')[0m
  [1m[35m (8.3ms)[0m  [1m[35mCOMMIT[0m
  [1m[36mEvent Load (1.4ms)[0m  [1m[34mSELECT  `events`.* FROM `events` WHERE `events`.`user_id` = 13 LIMIT 1[0m
  [1m[35m (0.3ms)[0m  [1m[35mBEGIN[0m
  [1m[35mSQL (0.7ms)[0m  [1m[32mINSERT INTO `events` (`e1`, `e2`, `e3`, `e4`, `e5`, `e6`, `e7`, `e8`, `e9`, `e10`, `e11`, `user_id`, `created_at`, `updated_at`) VALUES (0, 0, 0, 0, 0, 0, 0, 0, 0, 0, 0, 13, '2017-09-11 08:21:34', '2017-09-11 08:21:34')[0m
  [1m[35m (2.8ms)[0m  [1m[35mCOMMIT[0m
  [1m[36mUser Load (1.7ms)[0m  [1m[34mSELECT  `users`.* FROM `users` WHERE `users`.`email` = 'ganeshjayaram7915@gmail.com' LIMIT 1[0m
Redirected to http://localhost:3000/
Completed 302 Found in 431ms (ActiveRecord: 27.6ms)


Started GET "/" for 127.0.0.1 at 2017-09-11 13:51:34 +0530
Processing by MainController#index as HTML
  Rendering main/index.html.erb within layouts/application
  [1m[36mUser Load (0.7ms)[0m  [1m[34mSELECT  `users`.* FROM `users` WHERE `users`.`id` = 13 LIMIT 1[0m
  Rendered main/index.html.erb within layouts/application (14.0ms)
  [1m[36mCACHE User Load (0.0ms)[0m  [1m[34mSELECT  `users`.* FROM `users` WHERE `users`.`id` = 13 LIMIT 1[0m  [["id", 13], ["LIMIT", 1]]
Completed 200 OK in 26ms (Views: 23.1ms | ActiveRecord: 0.8ms)


Started POST "/events/reg" for 127.0.0.1 at 2017-09-11 13:51:44 +0530
Processing by EventsController#reg as HTML
  Parameters: {"utf8"=>"✓", "authenticity_token"=>"b3DxdOKz1EB7f3qfDAWkN3zq0NZxxHrhNFP1lnAJZJvW0vmaiH27uKdk+5momHv3SxcxfhK8RImJAc0I+Jpbaw=="}
  [1m[36mUser Load (0.8ms)[0m  [1m[34mSELECT  `users`.* FROM `users` WHERE `users`.`id` = 13 LIMIT 1[0m
  [1m[36mCACHE User Load (0.3ms)[0m  [1m[34mSELECT  `users`.* FROM `users` WHERE `users`.`id` = 13 LIMIT 1[0m  [["id", 13], ["LIMIT", 1]]
Redirected to http://localhost:3000/
Completed 302 Found in 10ms (ActiveRecord: 1.2ms)


Started GET "/" for 127.0.0.1 at 2017-09-11 13:51:44 +0530
Processing by MainController#index as HTML
  Rendering main/index.html.erb within layouts/application
  [1m[36mUser Load (0.8ms)[0m  [1m[34mSELECT  `users`.* FROM `users` WHERE `users`.`id` = 13 LIMIT 1[0m
  Rendered main/index.html.erb within layouts/application (32.0ms)
  [1m[36mCACHE User Load (0.1ms)[0m  [1m[34mSELECT  `users`.* FROM `users` WHERE `users`.`id` = 13 LIMIT 1[0m  [["id", 13], ["LIMIT", 1]]
Completed 200 OK in 46ms (Views: 42.5ms | ActiveRecord: 0.9ms)


Started POST "/events/reg" for 127.0.0.1 at 2017-09-11 13:51:57 +0530
Processing by EventsController#reg as HTML
  Parameters: {"utf8"=>"✓", "authenticity_token"=>"Vuq5n4hRaD/px1Xwxa5WDgkTsIBBTP7COXPh+CnkAlvvSLFx4p8HxzXc1PZhM4nOPu5RKCI0wKqEIdlmoXc9qw==", "event"=>{"e10"=>"on", "e5"=>"on", "e11"=>"on"}}
  [1m[36mUser Load (1.1ms)[0m  [1m[34mSELECT  `users`.* FROM `users` WHERE `users`.`id` = 13 LIMIT 1[0m
  [1m[36mCACHE User Load (0.1ms)[0m  [1m[34mSELECT  `users`.* FROM `users` WHERE `users`.`id` = 13 LIMIT 1[0m  [["id", 13], ["LIMIT", 1]]
  [1m[36mEvent Load (0.9ms)[0m  [1m[34mSELECT  `events`.* FROM `events` WHERE `events`.`user_id` = 13 LIMIT 1[0m
  [1m[35m (11.8ms)[0m  [1m[35mBEGIN[0m
  [1m[35mSQL (1.0ms)[0m  [1m[33mUPDATE `events` SET `e5` = 1, `e10` = 1, `e11` = 1, `updated_at` = '2017-09-11 08:21:57' WHERE `events`.`id` = 13[0m
  [1m[35m (10.9ms)[0m  [1m[35mCOMMIT[0m
{"e5"=>"on", "e10"=>"on", "e11"=>"on"}
Redirected to http://localhost:3000/
Completed 302 Found in 54ms (ActiveRecord: 25.9ms)


Started GET "/" for 127.0.0.1 at 2017-09-11 13:51:57 +0530
Processing by MainController#index as HTML
  Rendering main/index.html.erb within layouts/application
  [1m[36mUser Load (3.2ms)[0m  [1m[34mSELECT  `users`.* FROM `users` WHERE `users`.`id` = 13 LIMIT 1[0m
  Rendered main/index.html.erb within layouts/application (30.2ms)
  [1m[36mCACHE User Load (0.1ms)[0m  [1m[34mSELECT  `users`.* FROM `users` WHERE `users`.`id` = 13 LIMIT 1[0m  [["id", 13], ["LIMIT", 1]]
Completed 200 OK in 44ms (Views: 38.0ms | ActiveRecord: 3.3ms)


- Gracefully stopping, waiting for requests to finish
=== puma shutdown: 2017-09-11 13:52:47 +0530 ===
- Goodbye!
Exiting
